TTAGAGATT 380
TATGAGTAT 254
CCTGGGTCC 394
GGAGAGAGG 900
TAGAGAGAT 332
ACTCTCTCA 323
CTAGAGATC 185
ACCGTGCCA 59
ACGGCGGCA 20
CCTCACTCC 403
ACTCCCTCA 271
CCCTTTCCC 601
AGGCTCGGA 51
AATAAATAA 5552
ATCCGCCTA 32
GGTGGGTGG 1245
ACTAGATCA 140
GATTCTTAG 212
GTGACAGTG 391
GCGTCTGCG 23
CGACTCAGC 48
GCCTCTCCG 72
ACGCGCGCA 16
GAATCTAAG 208
GAACCCAAG 259
CCCCGCCCC 470
CTCTATCTC 516
TATCCCTAT 143
CTTAGATTC 207
AGAAGAAGA 1427
AAGTATGAA 406
TTGACAGTT 335
CTTATATTC 280
AACAAACAA 3318
GCACCCACG 61
TCTTTTTCT 2707
ACCGGGCCA 30
ATTTATTTA 4535
TGCAAACGT 76
AAACTCAAA 803
TAATTTAAT 1093
GAGGTGGAG 2088
TAGGCGGAT 31
GCCTATCCG 15
AAATCTAAA 984
TGGTCTGGT 184
CGTCTCTGC 207
GTCACACTG 240
GACCACCAG 202
AGCGGGCGA 12
GACTGTCAG 190
GTAGAGATG 2353
TATACATAT 1921
GTTAAATTG 273
GGGATAGGG 153
AATACATAA 889
TCCGCGCCT 20
TGTACATGT 523
AGAGAGAGA 5197
CATCGCTAC 34
CCGGCGGCC 62
GGCATACGG 21
CGCCCCCGC 114
AGCATACGA 22
AGCTGTCGA 30
AGATCTAGA 261
ACTAAATCA 303
GAGAGAGAG 4303
AGCCGCCGA 24
CGGCACGGC 16
TTCAAACTT 607
GCAGCGACG 20
ACCGCGCCA 31
GTTCACTTG 243
TCCCCCCCT 60
AGGAAAGGA 1062
GAGTTTGAG 2177
GGTTCTTGG 328
GACACACAG 505
GAACACAAG 310
CATGTGTAC 254
AACCCCCAA 273
GAACTCAAG 320
CAATCTAAC 93
TCATGTACT 237
TTTATATTT 2784
GATGCGTAG 22
AGGGAGGGA 1518
GCGAGAGCG 29
TTGGTGGTT 304
CTCTGTCTC 2710
ATCTATCTA 1114
AATTTTTAA 2997
GGTCCCTGG 328
TGCCTCCGT 78
ACAGGGACA 538
ATGGGGGTA 165
ACACACACA 14523
AGCCACCGA 87
TAGTATGAT 211
GGATTTAGG 197
GCATTTACG 40
AATTGTTAA 570
AAGGAGGAA 1036
CTAGCGATC 8
TTTTATTTT 7784
CCAAAAACC 350
TTCTCTCTT 1497
AACAGACAA 735
TACGCGCAT 6
TTTCACTTT 1181
ACTTGTTCA 315
TCCAAACCT 350
CTGGTGGTC 204
AGACACAGA 989
AATGGGTAA 326
GTAAAAATG 607
TACATACAT 931
CCGTATGCC 23
TGTTGTTGT 1724
CACTATCAC 290
GGGGTGGGG 1432
GCATCTACG 14
ACTCACTCA 660
GCAAAAACG 63
CAACGCAAC 21
TAACGCAAT 32
AGGGCGGGA 103
AGTCGCTGA 42
GCGGTGGCG 146
TTGGAGGTT 342
GAGCGCGAG 34
GACTTTCAG 309
ACGAGAGCA 51
GCGTATGCG 2
TGGATAGGT 133
ACGTGTGCA 255
GGCCGCCGG 95
CCCCACCCC 1427
CGAACAAGC 14
CGCACACGC 50
ACTGAGTCA 303
GTGGGGGTG 548
ACAATAACA 583
CGACACAGC 80
TGATATAGT 244
CACTCTCAC 310
CAAGCGAAC 21
GTAAGAATG 290
GAGCTCGAG 79
GGTGAGTGG 437
CGGTTTGGC 38
GTTCTCTTG 327
CCCATACCC 146
GTGTATGTG 1040
TCCGAGCCT 39
GAGCACGAG 44
AGTTCTTGA 338
CTGTTTGTC 423
CTCCACCTC 2029
GCGACAGCG 30
TTTTTTTTT 69408
TCATCTACT 272
CTCCGCCTC 1850
TCATTTACT 608
GTGGAGGTG 444
AGGAGAGGA 825
ATGATAGTA 259
TTTAGATTT 974
AGAGGGAGA 1121
AACTGTCAA 330
TTGAAAGTT 472
TTGCTCGTT 91
ACGTCTGCA 72
CTCGTGCTC 49
GCGCACGCG 27
ATCGAGCTA 21
TGACCCAGT 251
GATTATTAG 234
GCCACACCG 53
AAAGGGAAA 1291
AACTATCAA 280
TGTCCCTGT 471
GCTCTCTCG 60
CTACACATC 179
GGGAGAGGG 863
AATCCCTAA 238
CGGTCTGGC 34
TCTCACTCT 2382
CTCGGGCTC 99
ATCAAACTA 384
TGTCTCTGT 752
CGGTGTGGC 45
ACATATACA 1354
TCACCCACT 378
GTACCCATG 108
GGCGAGCGG 37
CGCATACGC 3
CACATACAC 1030
ACATTTACA 643
ACGCTCGCA 4
CTGCGCGTC 22
CAACTCAAC 197
AAGCTCGAA 44
TAAAAAAAT 2777
CGACCCAGC 35
GGCTCTCGG 66
CACACACAC 13358
CGCGCGCGC 107
TTTCCCTTT 1319
CGTCCCTGC 85
GTTGCGTTG 22
GCAAGAACG 39
AGCAAACGA 50
TCGTGTGCT 43
GTGTGTGTG 12672
CAGGTGGAC 218
ATTGAGTTA 293
CGGGGGGGC 53
GCTGGGTCG 38
GAGTATGAG 154
CGCAGACGC 22
GCGAAAGCG 11
TGCGCGCGT 16
AATCTCTAA 412
CCTGAGTCC 322
TGTGAGTGT 468
CTCTCTCTC 4349
TGGAAAGGT 345
TCGACAGCT 24
CTGGAGGTC 391
CGATTTAGC 16
TGGGCGGGT 58
CTCGAGCTC 77
CTACGCATC 17
GGCGGGCGG 580
GTGGTGGTG 1821
TATAAATAT 2009
GACTCTCAG 272
CTCATACTC 148
GCTTGTTCG 15
GTCCACCTG 252
CGAGGGAGC 61
TCGAAAGCT 30
GCAGTGACG 100
GAAAGAAAG 3079
ATCATACTA 186
TTCGAGCTT 67
AGTTGTTGA 276
AATGAGTAA 494
GCAACAACG 26
AAGGCGGAA 57
GTGCTCGTG 37
ACGTATGCA 54
CATACATAC 581
TTAATAATT 1135
CTGTGTGTC 507
CCGTGTGCC 74
ATGAAAGTA 542
GCGCTCGCG 18
TCAGAGACT 490
TGTAGATGT 482
CCCGGGCCC 145
TCATATACT 281
AGCTATCGA 11
AAAACAAAA 6775
TGGCGCGGT 28
AGGATAGGA 217
TGCGAGCGT 7
GGGAAAGGG 577
ATAACAATA 765
GACCCCCAG 275
TAAATAAAT 4567
CCAAGAACC 312
TCTGGGTCT 402
ACAGAGACA 689
GCGGCGGCG 257
CGCTTTCGC 9
AGTGTGTGA 422
TCCGGGCCT 95
AAGTCTGAA 516
GGACCCAGG 422
AATCGCTAA 37
ACCCTCCCA 482
ACTCGCTCA 37
TCAATAACT 317
CCATCTACC 171
TAAACAAAT 1156
ACCGAGCCA 32
TAGGAGGAT 318
ACTTTTTCA 728
GTTCCCTTG 197
GTCGAGCTG 27
TACAGACAT 512
GGTCTCTGG 310
CGTTCTTGC 39
GGGTTTGGG 366
CCCCCCCCC 387
CGCTGTCGC 32
GCAGGGACG 86
TACCCCCAT 172
GTTGAGTTG 202
CGAAGAAGC 28
TTCCCCCTT 498
CTATTTATC 330
ACGGGGGCA 52
GACGGGCAG 78
TGGTTTGGT 354
TGCACACGT 296
ATCGCGCTA 16
TCGTATGCT 24
GCGTGTGCG 51
GAAGTGAAG 376
ATGTTTGTA 532
AGGCACGGA 70
AGTGCGTGA 42
CTTGGGTTC 264
TTGAGAGTT 473
TCAAGAACT 348
AGACGCAGA 90
GGTATATGG 142
AATGCGTAA 46
CCTTGTTCC 268
TATGTGTAT 1187
TCTTCTTCT 1208
ATTGGGTTA 227
AAGTTTGAA 602
TGTTCTTGT 562
GCCTTTCCG 39
GCTTCTTCG 36
TGGCTCGGT 47
CCCTATCCC 139
AGACTCAGA 377
ACTGGGTCA 243
CAATTTAAC 285
TGCTGTCGT 47
ATAATAATA 3051
CACGAGCAC 54
AGGGTGGGA 487
ACATCTACA 490
GCCAGACCG 18
TATATATAT 11315
CGAGCGAGC 14
GTCTATCTG 142
ATCACACTA 301
TCGCTCGCT 27
GCTCGCTCG 10
CAAGAGAAC 277
GGCGCGCGG 56
TACCTCCAT 234
CCAGGGACC 350
TCAAAAACT 594
TCTATATCT 594
GGGCGCGGG 101
AGCAGACGA 41
TACTATCAT 234
ATTATATTA 992
AAGAGAGAA 1507
GACAAACAG 412
TCGGAGGCT 92
TAGTCTGAT 273
ACAAAAACA 2174
ACGTTTGCA 53
GAGAAAGAG 1162
CATGAGTAC 106
AGTAGATGA 268
GGACTCAGG 290
ACCTCTCCA 318
GTCAGACTG 201
AGTTATTGA 336
GGTTGTTGG 187
GAATATAAG 329
CTGACAGTC 171
TAATATAAT 1027
CCGCTCGCC 49
TAACCCAAT 231
ATATATATA 11360
ATACTCATA 244
CTTGTGTTC 260
GAGCCCGAG 100
GCAATAACG 39
CCATATACC 134
TCTCCCTCT 1144
CATTGTTAC 206
ACGACAGCA 42
GGGGAGGGG 1314
GCGCCCGCG 39
GACGCGCAG 10
ACGAAAGCA 74
ATGGTGGTA 338
CTTCCCTTC 800
CCTATATCC 116
CCAATAACC 152
CGTGCGTGC 31
TGCCGCCGT 25
GACTATCAG 116
TAATCTAAT 365
TGTATATGT 1350
CAGTCTGAC 222
TTGTTTGTT 3307
CGGGTGGGC 73
TGGGAGGGT 426
TCGCCCGCT 14
CATTATTAC 296
GCTCCCTCG 59
CCTACATCC 136
AGCGCGCGA 6
GGAAAAAGG 574
AGCGTGCGA 8
GTAGCGATG 28
GAGATAGAG 518
GCTCACTCG 35
TACCGCCAT 17
TGCGTGCGT 56
TGGCACGGT 73
GGTCGCTGG 37
CGACGCAGC 12
CAATATAAC 215
CTAACAATC 131
GAACGCAAG 21
CACAAACAC 684
ATTACATTA 575
TTATGTATT 882
GGGCCCGGG 160
CTGGCGGTC 26
ATTGTGTTA 462
CTGGGGGTC 227
TAGCACGAT 35
TTAAGAATT 699
ATACGCATA 60
ACACTCACA 433
TGAACAAGT 297
TCAGTGACT 363
TCGGCGGCT 16
ATCCACCTA 221
CTCAAACTC 2185
TGATTTAGT 320
GACGTGCAG 61
CCACACACC 393
CCTCGCTCC 92
GCTAGATCG 10
TAATGTAAT 587
GGAGGGAGG 1745
GGAAGAAGG 718
GATTGTTAG 157
CGTACATGC 13
CTCGCGCTC 23
CCTAGATCC 153
GGAGCGAGG 91
CGATCTAGC 3
AAACCCAAA 868
AACTTTCAA 540
GCCCACCCG 85
GGTTATTGG 128
CCCGCGCCC 130
AGCCTCCGA 88
CGTGGGTGC 62
TCGGGGGCT 61
TTCCGCCTT 54
CTAATAATC 222
CAGCCCGAC 50
TCGATAGCT 18
TTTGAGTTT 756
CAGGGGGAC 183
GTTGTGTTG 204
TAAGTGAAT 468
TGGGGGGGT 227
GTGCACGTG 141
AGGTGTGGA 283
TTACCCATT 327
ACGATAGCA 45
TATTCTTAT 661
GAAGGGAAG 803
CGTTATTGC 21
TCCTGTCCT 509
TTGCCCGTT 47
TCTTGTTCT 638
TTGATAGTT 310
CTGTATGTC 218
TGGCCCGGT 38
TCGAGAGCT 37
GATAGATAG 788
TCCTCTCCT 765
TACGGGCAT 53
TACACACAT 894
CCTAAATCC 230
ATATTTATA 1985
AGGTCTGGA 261
GTTCGCTTG 26
TACCACCAT 307
CGCAAACGC 11
CCGCCCGCC 563
TATGCGTAT 58
TGGGTGGGT 411
GCTTATTCG 15
AGGCCCGGA 72
AATTATTAA 1114
TGGACAGGT 206
GGCCACCGG 77
GAGACAGAG 2774
GACATACAG 247
GACAGACAG 428
ATCGTGCTA 37
TATTATTAT 2954
GTCCTCCTG 357
TTCAGACTT 499
TATCACTAT 293
AAAGTGAAA 1190
CGCCGCCGC 214
CGCCTCCGC 72
TTCTATCTT 525
AACTCTCAA 442
CGGACAGGC 32
ATACCCATA 185
AGCGAGCGA 27
TAGACAGAT 347
GCACTCACG 43
CGCTCTCGC 26
ACCCACCCA 515
GCATGTACG 24
TAGGGGGAT 109
CAGCTCGAC 17
GCACGCACG 33
GGGGGGGGG 410
GCCTGTCCG 34
AAACACAAA 1545
GTTTTTTTG 1132
TCCCGCCCT 74
GGATATAGG 128
GAAAAAAAG 1754
CTTACATTC 274
TCTAAATCT 460
GCCCTCCCG 95
ATTCCCTTA 305
GGGCACGGG 77
CGATGTAGC 18
TTCTTTCTT 4609
CCAGAGACC 318
TTACGCATT 40
CAAATAAAC 812
GTATGTATG 499
CGCGAGCGC 22
TAACACAAT 432
GGTGTGTGG 337
CTTTGTTTC 720
GGAATAAGG 194
CGTCACTGC 79
CACCGCCAC 107
TCGGTGGCT 63
TACTGTCAT 289
CGTAGATGC 25
AGTAAATGA 579
GTTACATTG 164
ATGCCCGTA 52
ATCGGGCTA 10
CGATATAGC 18
TGCGGGCGT 16
TAAGCGAAT 26
AAGACAGAA 1057
CCTCTCTCC 887
TAGCCCGAT 9
ATGCACGTA 64
ACCACACCA 435
ATAGAGATA 422
ACCTGTCCA 206
CATCCCTAC 187
GTCGTGCTG 32
AGCACACGA 58
TTGCACGTT 54
ATTTCTTTA 1410
GGTAGATGG 164
AATAGATAA 710
CGTTTTTGC 57
TACTCTCAT 276
GGCACACGG 82
ATATGTATA 1961
GATACATAG 230
CGGATAGGC 10
ATATCTATA 648
GGCAGACGG 85
CATCACTAC 236
CAGTTTGAC 195
CACCCCCAC 512
TTCCTCCTT 908
TGAGTGAGT 588
TAAAGAAAT 1399
GCTAAATCG 21
CCCACACCC 453
GTTGGGTTG 149
CCTTTTTCC 596
TTCTGTCTT 1002
TGCCACCGT 97
GGTAAATGG 245
TGCTTTCGT 56
CGGCGCGGC 45
GTATATATG 843
TTTAAATTT 2780
CGTTGTTGC 33
TGTGTGTGT 13929
ACCATACCA 185
CAAAAAAAC 1082
CTCACACTC 297
TCTCGCTCT 1296
TTATATATT 1951
CAGCACGAC 33
TGACTCAGT 303
AAGTGTGAA 407
TACTTTCAT 480
TTGTCTGTT 711
CAGGCGGAC 42
CCCGTGCCC 78
AAATGTAAA 1923
TGCTATCGT 45
GAAGAGAAG 888
GTAATAATG 269
GCGTTTGCG 11
CCGCACGCC 17
TCCATACCT 205
CGCCACCGC 157
ATAAAAATA 3347
AGTCTCTGA 433
CAAAGAAAC 636
CGAATAAGC 22
AGGACAGGA 486
AGTGGGTGA 301
CCATTTACC 222
CGAAAAAGC 38
GATGGGTAG 218
GTCGCGCTG 11
CCTGTGTCC 793
CGAGTGAGC 42
GCCGAGCCG 51
TCCTTTCCT 1075
CCCTCTCCC 810
GATGAGTAG 301
AATGTGTAA 505
TACAAACAT 535
CCTGCGTCC 80
CTTCACTTC 397
CCGTCTGCC 87
CTATCTATC 955
AAGAAAGAA 4426
GCTGCGTCG 11
AGATGTAGA 335
CGCGGGCGC 43
CCACGCACC 56
GTACGCATG 18
TTTGGGTTT 829
ATTTTTTTA 2719
TCAGGGACT 273
GCGGGGGCG 116
TCTTATTCT 641
GGGTGTGGG 495
CACTTTCAC 341
GTGGCGGTG 79
TTCCACCTT 490
TGAGCGAGT 48
CCGATAGCC 14
CCGACAGCC 54
ATGCTCGTA 21
CCCGAGCCC 95
ACCTATCCA 143
ATAAGAATA 680
GGAACAAGG 275
CGGGAGGGC 90
AACGGGCAA 49
AGCTCTCGA 36
TCGTTTGCT 67
TAAGGGAAT 331
GTTATATTG 217
CAGTATGAC 182
AACCTCCAA 308
GCTTTTTCG 44
ACAACAACA 1673
ACACCCACA 467
GGGTCTGGG 360
TCGCGCGCT 3
TGTCACTGT 441
GAAGCGAAG 52
ACTGTGTCA 316
AAAAGAAAA 7389
CACGTGCAC 197
TGACGCAGT 36
GAGTCTGAG 385
GAAATAAAG 1254
ATCTCTCTA 308
CTCTTTCTC 1273
AGAACAAGA 657
GGGGCGGGG 468
AAAAAAAAA 70789
GCCCCCCCG 53
ACCAAACCA 356
ATCTGTCTA 360
CAGATAGAC 133
TACGTGCAT 70
TTAAAAATT 2933
GGGACAGGG 502
TTATCTATT 714
CACCTCCAC 467
CTGAGAGTC 247
CGGGCGGGC 86
GTAGTGATG 198
GGATCTAGG 165
TTCGTGCTT 49
TTGTATGTT 722
GTAGGGATG 187
CTAAAAATC 544
TAACTCAAT 273
ACTACATCA 232
AGACCCAGA 425
AACACACAA 617
GGTACATGG 154
GTGATAGTG 264
CCCAGACCC 346
AGGTTTGGA 277
TGAGAGAGT 372
CAAGGGAAC 244
ATTTGTTTA 1182
GTACTCATG 128
CGCTATCGC 5
CTTTATTTC 1340
ACCCCCCCA 193
GCCAAACCG 31
TTTGTGTTT 1677
TCAACAACT 258
TGAAAAAGT 732
GAATGTAAG 319
TTAGTGATT 381
ATTCACTTA 440
CAGTGTGAC 267
AAAGCGAAA 107
GACGAGCAG 40
GTCGGGCTG 49
CACGCGCAC 44
TAGCGCGAT 12
GCCGTGCCG 16
TGTCGCTGT 54
TATCGCTAT 29
ACTGCGTCA 30
ATTAAATTA 1130
ATAGCGATA 18
AGATTTAGA 468
CATAAATAC 406
TCTGCGTCT 80
ATAGTGATA 307
GTTTATTTG 766
CAAGTGAAC 204
CTACCCATC 207
AGGGGGGGA 75
CCCTGTCCC 483
ACCTTTCCA 349
AGGCGCGGA 22
CATTTTTAC 665
TCGTCTGCT 39
TGAATAAGT 522
CTGCACGTC 88
AGCCCCCGA 74
GATATATAG 322
GAGGAGGAG 1400
CGGCCCGGC 75
TTCGCGCTT 8
TAGTGTGAT 311
TCACGCACT 45
TTACTCATT 498
GGATGTAGG 136
TGTAAATGT 690
AACATACAA 649
GATCCCTAG 102
CATATATAC 798
CGGTATGGC 24
CAAACAAAC 1848
CAACACAAC 211
AGTCACTGA 373
CAGCGCGAC 6
CTTCTCTTC 778
TTGGCGGTT 28
TTGCGCGTT 5
TTAGGGATT 248
TATCTCTAT 438
CTGAAAGTC 296
GTAACAATG 191
GCCATACCG 15
CCGGAGGCC 91
AACCACCAA 300
GATTTTTAG 535
ATCCCCCTA 137
GTCCGCCTG 46
CCCAAACCC 386
GGAGTGAGG 386
TTGTGTGTT 582
ACTTATTCA 485
CTATATATC 300
CTAGGGATC 92
GGTGCGTGG 62
GCCCGCCCG 84
CCACTCACC 364
ACGCACGCA 50
GCCGCGCCG 40
AAGCGCGAA 7
AAAGAGAAA 2398
CACTGTCAC 398
CTATGTATC 219
CCGCGCGCC 63
AATCACTAA 372
AGAGCGAGA 1373
CTGATAGTC 101
GCTGAGTCG 36
GTGAAAGTG 343
TGCAGACGT 71
TCCAGACCT 295
AGAGTGAGA 2354
CAGAGAGAC 461
TAGCTCGAT 14
TTCGGGCTT 33
CAGGAGGAC 354
TAGTTTGAT 402
GCGCGCGCG 90
ATGTATGTA 939
TTGGGGGTT 336
ATCTTTCTA 491
ATGACAGTA 270
TGCCCCCGT 54
GCGATAGCG 5
AGCTTTCGA 32
CTCAGACTC 434
TATTGTTAT 740
CTACTCATC 263
GTGCCCGTG 69
TAGGTGGAT 211
GTATCTATG 191
ACACGCACA 340
CTTGAGTTC 300
GTTTCTTTG 685
AGAAAAAGA 2767
ACCAGACCA 215
GATAAATAG 299
ATACACATA 1089
CCGAAAGCC 49
ACATGTACA 546
CAACCCAAC 132
CATGCGTAC 17
AACGTGCAA 58
GGTTTTTGG 365
ACAGTGACA 445
GGTCACTGG 234
ACAGCGACA 50
GTTAGATTG 143
AGTTTTTGA 558
ATGTCTGTA 466
CACGGGCAC 68
TGATGTAGT 216
GTCTGTCTG 465
CCCCTCCCC 1298
ATGGAGGTA 231
GTACACATG 312
TGGAGAGGT 356
TACGAGCAT 19
CCGGTGGCC 60
GCTACATCG 18
ATGGCGGTA 23
GTCAAACTG 207
ATAGGGATA 195
CTCCCCCTC 457
AAATTTAAA 2727
CCACCCACC 1394
CAATGTAAC 187
GAGTGTGAG 315
TGGTATGGT 149
CGGAGAGGC 95
GAGGGGGAG 509
ATGAGAGTA 234
GTCATACTG 131
AGATATAGA 527
CATTCTTAC 319
TCTAGATCT 255
TGTTTTTGT 2261
CCAACAACC 188
CAGAAAGAC 500
GTGCGCGTG 32
TCACTCACT 610
GCGGAGGCG 65
CGTGAGTGC 43
GGCTGTCGG 48
AAGCACGAA 53
CTCCTCCTC 1365
GTCCCCCTG 138
TTCATACTT 377
AACGAGCAA 82
AAGATAGAA 546
CATAGATAC 204
TCGCACGCT 5
GGCGTGCGG 25
TTTCGCTTT 84
AGGTATGGA 182
AGTATATGA 315
TATGGGTAT 190
TTAGCGATT 28
GTCTTTCTG 543
TGCTCTCGT 45
TAGATAGAT 923
CCGAGAGCC 62
GGCAAACGG 37
GACCTCCAG 314
ATCAGACTA 248
CTGTCTGTC 471
GATCACTAG 102
TGAGGGAGT 223
ACGGTGGCA 94
TTACACATT 528
GGACACAGG 761
CTTGCGTTC 24
TCCCTCCCT 1433
TTAACAATT 516
ATCCTCCTA 313
TCCACACCT 304
TTTACATTT 2012
CCGTTTGCC 49
ATTCTCTTA 500
AGTACATGA 235
CCTTATTCC 205
GTCTCTCTG 481
TCTGTGTCT 1027
ATTAGATTA 351
TGCATACGT 60
TCCCACCCT 542
CATGGGTAC 121
GGGCTCGGG 93
TGACACAGT 353
ATGCGCGTA 3
GTGTTTGTG 608
AACGCGCAA 6
GCTGTGTCG 64
GCATATACG 31
TGAAGAAGT 419
CGGAAAGGC 28
CGGCTCGGC 31
AATTCTTAA 710
TCCTATCCT 195
CTTCGCTTC 58
CATCTCTAC 2529
ACTTCTTCA 458
CGCGTGCGC 12
CCTCCCTCC 1625
TTTCTCTTT 2489
AACCGCCAA 20
GACCGCCAG 37
GGCTTTCGG 41
CACAGACAC 837
TCACACACT 428
AGTCCCTGA 285
AAAATAAAA 7883
CTAAGAATC 216
CTGCTCGTC 43
TCAGCGACT 39
CACCACCAC 1789
AATATATAA 1953
ACCCGCCCA 70
GGCTATCGG 8
ATTGCGTTA 37
GATCTCTAG 179
CTGCCCGTC 82
TTTGCGTTT 90
TAGAAAGAT 575
ACAAGAACA 594
GCTATATCG 13
CCAGTGACC 243
CGTATATGC 37
GAAACAAAG 747
CGTCGCTGC 14
ATGTGTGTA 886
AAGCCCGAA 35
GTGTCTGTG 800
GATGTGTAG 185
CGTAAATGC 29
CGTGTGTGC 146
GTTTGTTTG 1854
CCGGGGGCC 112
GCAGAGACG 165
TTCACACTT 403
AAATATAAA 2772
AGAATAAGA 592
TGTGGGTGT 453
ACGGAGGCA 72
CCAGCGACC 36
TCTCTCTCT 5264
TCTACATCT 343
CTAGTGATC 128
TGTGCGTGT 326
TTTTGTTTT 6872
TGATCTAGT 154
NNNNNNNNN 2388
TTTTCTTTT 7363
GTGAGAGTG 292
ACGCCCGCA 16
AAGGTGGAA 460
GGGTATGGG 143
AAACGCAAA 112
TAAGAGAAT 547
GGCCTCCGG 100
CCATGTACC 155
TTATTTATT 5483
GAGGCGGAG 1897
AGTGAGTGA 555
AAGGGGGAA 501
CTTAAATTC 367
TCCGTGCCT 62
GATCGCTAG 9
TCTGAGTCT 424
CTTTTTTTC 1821
GAATTTAAG 388
ATTCGCTTA 26
TATTTTTAT 3460
GGACGCAGG 91
CGAGAGAGC 50
CAGACAGAC 378
GGCCCCCGG 95
ACTATATCA 268
CTTTCTTTC 3100
TGTTATTGT 573
TGGTGTGGT 372
TATAGATAT 686
CCTTCTTCC 637
GCACACACG 157
GTATTTATG 387
GCCGGGCCG 75
